<?xml version="1.0" encoding="UTF-8"?>
<!-- Generated by org.testng.reporters.JUnitXMLReporter -->
<testsuite ignored="2" hostname="BISWAJIT2000" failures="0" tests="8" name="Functional Testing" time="13.743" errors="0" timestamp="2022-10-25T15:50:35 IST">
  <testcase classname="UI.copy.GroupDemoTest" name="bTest2" time="0.01"/>
  <testcase classname="UI.copy.GroupDemoTest" name="bTest3" time="0.002"/>
  <testcase classname="UI.copy.GroupDemoTest" name="aTest1" time="0.002"/>
  <testcase classname="UI.copy.GroupDemoTest" name="bTest1" time="0.002"/>
  <testcase classname="UI.copy.LoginTest" name="bloginTest" time="0.002"/>
  <testcase classname="UI.copy.LoginTest" name="alogoutTest" time="0.003"/>
  <testcase classname="UI.copy.VerifyTitle" name="ebay" time="8.335"/>
  <testcase classname="UI.copy.VerifyTitleANdText" name="ebay" time="5.256"/>
  <testcase classname="common.CommonDataSetup" name="@BeforeSuite dataSetup" time="0.0">
    <ignored/>
  </testcase> <!-- @BeforeSuite dataSetup -->
  <testcase classname="common.CommonDataSetup" name="@AfterSuite dataTeardown" time="0.0">
    <ignored/>
  </testcase> <!-- @AfterSuite dataTeardown -->
</testsuite> <!-- Functional Testing -->
