<?xml version="1.0" encoding="UTF-8"?>
<!-- Generated by org.testng.reporters.JUnitXMLReporter -->
<testsuite ignored="0" hostname="BISWAJIT2000" failures="0" tests="8" name="Test" time="11.686" errors="0" timestamp="2022-08-01T11:55:06 IST">
  <testcase classname="UI.copy.GroupDemoTest" name="bTest2" time="0.013"/>
  <testcase classname="UI.copy.GroupDemoTest" name="bTest3" time="0.006"/>
  <testcase classname="UI.copy.GroupDemoTest" name="aTest1" time="0.004"/>
  <testcase classname="UI.copy.GroupDemoTest" name="bTest1" time="0.003"/>
  <testcase classname="UI.copy.LoginTest" name="bloginTest" time="0.002"/>
  <testcase classname="UI.copy.LoginTest" name="alogoutTest" time="0.002"/>
  <testcase classname="UI.copy.VerifyTitle" name="ebay" time="6.666"/>
  <testcase classname="UI.copy.VerifyTitleANdText" name="ebay" time="4.805"/>
</testsuite> <!-- Test -->
