<?xml version="1.0" encoding="UTF-8"?>
<!-- Generated by org.testng.reporters.JUnitXMLReporter -->
<testsuite ignored="3" hostname="BISWAJIT2000" failures="0" tests="3" name="Regression" time="0.206" errors="0" timestamp="2022-08-01T12:10:28 IST">
  <testcase classname="UI.copy.GroupDemoTest" name="bTest2" time="0.011"/>
  <testcase classname="UI.copy.GroupDemoTest" name="aTest1" time="0.003"/>
  <testcase classname="UI.copy.GroupDemoTest" name="bTest1" time="0.004"/>
  <testcase classname="UI.copy.LoginTest" name="alogoutTest" time="0.0">
    <ignored/>
  </testcase> <!-- alogoutTest -->
  <testcase classname="UI.copy.GroupDemoTest" name="bTest3" time="0.0">
    <ignored/>
  </testcase> <!-- bTest3 -->
  <testcase classname="UI.copy.LoginTest" name="bloginTest" time="0.0">
    <ignored/>
  </testcase> <!-- bloginTest -->
</testsuite> <!-- Regression -->
