<?xml version="1.0" encoding="UTF-8"?>
<!-- Generated by org.testng.reporters.JUnitXMLReporter -->
<testsuite ignored="2" hostname="BISWAJIT2000" failures="0" tests="2" name="GRP-bvt" time="0.123" errors="0" timestamp="2022-07-31T17:43:52 IST">
  <testcase classname="GroupDemoTest" name="bTest2" time="0.016"/>
  <testcase classname="GroupDemoTest" name="bTest3" time="0.003"/>
  <testcase classname="GroupDemoTest" name="bTest1" time="0.0">
    <ignored/>
  </testcase> <!-- bTest1 -->
  <testcase classname="GroupDemoTest" name="aTest1" time="0.0">
    <ignored/>
  </testcase> <!-- aTest1 -->
</testsuite> <!-- GRP-bvt -->
