<?xml version="1.0" encoding="UTF-8"?>
<!-- Generated by org.testng.reporters.JUnitXMLReporter -->
<testsuite ignored="1" hostname="BISWAJIT2000" failures="0" tests="3" name="GRP-regression" time="0.176" errors="0" timestamp="2022-08-01T10:50:42 IST">
  <testcase classname="UI.copy.GroupDemoTest" name="bTest2" time="0.021"/>
  <testcase classname="UI.copy.GroupDemoTest" name="aTest1" time="0.003"/>
  <testcase classname="UI.copy.GroupDemoTest" name="bTest1" time="0.002"/>
  <testcase classname="UI.copy.GroupDemoTest" name="bTest3" time="0.0">
    <ignored/>
  </testcase> <!-- bTest3 -->
</testsuite> <!-- GRP-regression -->
