<?xml version="1.0" encoding="UTF-8"?>
<!-- Generated by org.testng.reporters.JUnitXMLReporter -->
<testsuite ignored="0" hostname="BISWAJIT2000" failures="0" tests="4" name="GRP-user_registration" time="0.149" errors="0" timestamp="2022-07-31T17:47:27 IST">
  <testcase classname="GroupDemoTest" name="bTest2" time="0.016"/>
  <testcase classname="GroupDemoTest" name="bTest3" time="0.002"/>
  <testcase classname="GroupDemoTest" name="aTest1" time="0.003"/>
  <testcase classname="GroupDemoTest" name="bTest1" time="0.003"/>
</testsuite> <!-- GRP-user_registration -->
