<?xml version="1.0" encoding="UTF-8"?>
<!-- Generated by org.testng.reporters.JUnitXMLReporter -->
<testsuite ignored="0" hostname="BISWAJIT2000" failures="0" tests="4" name="GRP-bvt,regression" time="0.133" errors="0" timestamp="2022-07-31T17:45:39 IST">
  <testcase classname="GroupDemoTest" name="bTest2" time="0.019"/>
  <testcase classname="GroupDemoTest" name="bTest3" time="0.002"/>
  <testcase classname="GroupDemoTest" name="aTest1" time="0.003"/>
  <testcase classname="GroupDemoTest" name="bTest1" time="0.002"/>
</testsuite> <!-- GRP-bvt,regression -->
