<?xml version="1.0" encoding="UTF-8"?>
<!-- Generated by org.testng.reporters.JUnitXMLReporter -->
<testsuite ignored="6" hostname="BISWAJIT2000" failures="0" tests="13" name="Test" time="0.06" errors="0" timestamp="2022-08-01T12:30:12 IST">
  <testcase classname="UI.copy.GroupDemoTest" name="bTest2" time="0.001"/>
  <testcase classname="UI.copy.GroupDemoTest" name="bTest3" time="0.002"/>
  <testcase classname="UI.copy.GroupDemoTest" name="aTest1" time="0.001"/>
  <testcase classname="UI.copy.GroupDemoTest" name="bTest1" time="0.002"/>
  <testcase classname="UI.copy.LoginTest" name="bloginTest" time="0.001"/>
  <testcase classname="UI.copy.LoginTest" name="alogoutTest" time="0.001"/>
  <testcase classname="UI.copy.GroupDemoTest2" name="bTest2" time="0.001"/>
  <testcase classname="UI.copy.GroupDemoTest2" name="bTest3" time="0.001"/>
  <testcase classname="UI.copy.GroupDemoTest2" name="aTest1" time="0.001"/>
  <testcase classname="UI.copy.GroupDemoTest2" name="bTest1" time="0.001"/>
  <testcase classname="UI.copy.SkipDemo" name="skipTest1" time="0.001"/>
  <testcase classname="UI.copy.SkipDemo" name="skipTest2" time="0.002">
    <skipped/>
  </testcase> <!-- skipTest2 -->
  <testcase classname="UI.copy.SkipDemo" name="skipTest3" time="0.001"/>
  <testcase classname="common.CommonDataSetup" name="@AfterSuite dataTeardown" time="0.0">
    <ignored/>
  </testcase> <!-- @AfterSuite dataTeardown -->
  <testcase classname="common.CommonDataSetup" name="@BeforeSuite dataSetup" time="0.0">
    <ignored/>
  </testcase> <!-- @BeforeSuite dataSetup -->
  <testcase classname="common.CommonDataSetup" name="@AfterSuite dataTeardown" time="0.0">
    <ignored/>
  </testcase> <!-- @AfterSuite dataTeardown -->
  <testcase classname="common.CommonDataSetup" name="@AfterSuite dataTeardown" time="0.0">
    <ignored/>
  </testcase> <!-- @AfterSuite dataTeardown -->
  <testcase classname="common.CommonDataSetup" name="@BeforeSuite dataSetup" time="0.0">
    <ignored/>
  </testcase> <!-- @BeforeSuite dataSetup -->
  <testcase classname="common.CommonDataSetup" name="@BeforeSuite dataSetup" time="0.0">
    <ignored/>
  </testcase> <!-- @BeforeSuite dataSetup -->
</testsuite> <!-- Test -->
